2022-02-08 01:06:09,207 [INFO] com.cx.ast.api.AstInterceptorApplication [main] Starting AstInterceptorApplication v0.0.1-SNAPSHOT using Java 11 on AbhishekD-laptop with PID 3136 (C:\Users\Lenovo\IdeaProjects\AST_Interceptor\target\ast-webhook-interceptor.jar started by Lenovo in C:\Users\Lenovo\IdeaProjects\AST_Interceptor)
2022-02-08 01:06:09,211 [INFO] com.cx.ast.api.AstInterceptorApplication [main] No active profile set, falling back to default profiles: default
2022-02-08 01:06:11,461 [INFO] org.springframework.boot.web.embedded.tomcat.TomcatWebServer [main] Tomcat initialized with port(s): 8081 (http)
2022-02-08 01:06:11,488 [INFO] org.apache.catalina.core.StandardService [main] Starting service [Tomcat]
2022-02-08 01:06:11,489 [INFO] org.apache.catalina.core.StandardEngine [main] Starting Servlet engine: [Apache Tomcat/9.0.53]
2022-02-08 01:06:11,571 [INFO] org.apache.catalina.core.ContainerBase.[Tomcat].[localhost].[/] [main] Initializing Spring embedded WebApplicationContext
2022-02-08 01:06:11,572 [INFO] org.springframework.boot.web.servlet.context.ServletWebServerApplicationContext [main] Root WebApplicationContext: initialization completed in 2241 ms
2022-02-08 01:06:12,159 [INFO] org.springframework.boot.web.embedded.tomcat.TomcatWebServer [main] Tomcat started on port(s): 8081 (http) with context path ''
2022-02-08 01:06:12,173 [INFO] com.cx.ast.api.AstInterceptorApplication [main] Started AstInterceptorApplication in 3.857 seconds (JVM running for 4.452)
2022-02-08 01:06:48,240 [INFO] org.apache.catalina.core.ContainerBase.[Tomcat].[localhost].[/] [http-nio-8081-exec-2] Initializing Spring DispatcherServlet 'dispatcherServlet'
2022-02-08 01:06:48,241 [INFO] org.springframework.web.servlet.DispatcherServlet [http-nio-8081-exec-2] Initializing Servlet 'dispatcherServlet'
2022-02-08 01:06:48,243 [INFO] org.springframework.web.servlet.DispatcherServlet [http-nio-8081-exec-2] Completed initialization in 1 ms
2022-02-08 01:06:48,287 [INFO] com.cx.ast.api.WebhookController [http-nio-8081-exec-2] Received Message from AST :: {"scanId":"0bc54a79-fae2-4b5e-a43a-f34d18351d24","projectId":"d398b0fa-e904-411f-b47c-7bae6b5707fd","statusInfo":[{"name":"general","status":"Completed","details":""},{"name":"sast","status":"Completed","details":""},{"name":"kics","status":"Completed","details":""},{"name":"sca","status":"Completed","details":""}],"userAgent":"grpc-java-netty/1.35.0","initiator":"Abhishek Dutta","sourceType":"gitlab","sourceOrigin":"Push Webhook"}
2022-02-08 01:06:48,297 [INFO] com.cx.ast.api.WebhookController [http-nio-8081-exec-2] Scan ID:: 0bc54a79-fae2-4b5e-a43a-f34d18351d24
2022-02-08 01:06:48,298 [INFO] com.cx.ast.api.WebhookController [http-nio-8081-exec-2] Project ID:: d398b0fa-e904-411f-b47c-7bae6b5707fd
2022-02-08 01:06:50,472 [INFO] com.cx.ast.api.invoker.InvokeASTRestAPI [http-nio-8081-exec-2] scan summary :: {scansSummaries=[{scanId=0bc54a79-fae2-4b5e-a43a-f34d18351d24, sastCounters={queriesCounters=[], sinkFileCounters=[], languageCounters=[{language=CSharp, counter=25}], complianceCounters=[{compliance=OWASP Top 10 2013, counter=20}, {compliance=OWASP Top 10 2017, counter=16}, {compliance=ASD STIG 4.10, counter=25}, {compliance=NIST SP 800-53, counter=20}, {compliance=FISMA 2014, counter=20}, {compliance=PCI DSS v3.2.1, counter=19}], severityCounters=[{severity=LOW, counter=8}, {severity=HIGH, counter=15}, {severity=MEDIUM, counter=2}], statusCounters=[{status=RECURRENT, counter=25}, {status=FIXED, counter=1}], stateCounters=[{state=NOT_EXPLOITABLE, counter=1}, {state=TO_VERIFY, counter=25}], severityStatusCounters=[{severity=LOW, status=RECURRENT, counter=8}, {severity=HIGH, status=RECURRENT, counter=15}, {severity=MEDIUM, status=RECURRENT, counter=2}], sourceFileCounters=[], ageCounters=[{age=30-60, severityCounters=[{severity=LOW, counter=8}, {severity=HIGH, counter=15}, {severity=MEDIUM, counter=2}], counter=25}], totalCounter=25, filesScannedCounter=0}, kicsCounters={severityCounters=[], statusCounters=[], stateCounters=[], severityStatusCounters=[], sourceFileCounters=[], ageCounters=[], totalCounter=0, filesScannedCounter=0, platformSummary=[], categorySummary=[]}, scaCounters={severityCounters=[], statusCounters=[], stateCounters=[{state=NOT_IGNORED, counter=0}], severityStatusCounters=[], sourceFileCounters=[], ageCounters=[], totalCounter=0, filesScannedCounter=0}, scaPackagesCounters={severityCounters=[], statusCounters=[], stateCounters=[], severityStatusCounters=[], sourceFileCounters=[], ageCounters=[], totalCounter=0, filesScannedCounter=0, outdatedCounter=0, riskLevelCounters=[], licenseCounters=[], packageCounters=[]}, scaContainersCounters={totalPackagesCounter=0, totalVulnerabilitiesCounter=0, severityVulnerabilitiesCounters=[], stateVulnerabilitiesCounters=[], statusVulnerabilitiesCounters=[], ageVulnerabilitiesCounters=[], packageVulnerabilitiesCounters=[]}}], totalCount=1}
2022-02-08 01:06:51,124 [INFO] com.cx.ast.api.WebhookController [http-nio-8081-exec-2] Slack Response :: 200
2022-02-08 10:40:08,413 [INFO] com.cx.ast.api.AstInterceptorApplication [main] Starting AstInterceptorApplication using Java 11 on AbhishekD-laptop with PID 29932 (C:\Users\Lenovo\IdeaProjects\AST_Interceptor\target\classes started by Lenovo in C:\Users\Lenovo\IdeaProjects\AST_Interceptor)
2022-02-08 10:40:08,417 [INFO] com.cx.ast.api.AstInterceptorApplication [main] No active profile set, falling back to default profiles: default
2022-02-08 10:40:09,318 [INFO] org.springframework.boot.web.embedded.tomcat.TomcatWebServer [main] Tomcat initialized with port(s): 8081 (http)
2022-02-08 10:40:09,327 [INFO] org.apache.catalina.core.StandardService [main] Starting service [Tomcat]
2022-02-08 10:40:09,327 [INFO] org.apache.catalina.core.StandardEngine [main] Starting Servlet engine: [Apache Tomcat/9.0.53]
2022-02-08 10:40:09,425 [INFO] org.apache.catalina.core.ContainerBase.[Tomcat].[localhost].[/] [main] Initializing Spring embedded WebApplicationContext
2022-02-08 10:40:09,426 [INFO] org.springframework.boot.web.servlet.context.ServletWebServerApplicationContext [main] Root WebApplicationContext: initialization completed in 933 ms
2022-02-08 10:40:09,700 [INFO] org.springframework.boot.web.embedded.tomcat.TomcatWebServer [main] Tomcat started on port(s): 8081 (http) with context path ''
2022-02-08 10:40:09,717 [INFO] com.cx.ast.api.AstInterceptorApplication [main] Started AstInterceptorApplication in 1.932 seconds (JVM running for 3.845)
2022-02-08 10:48:24,755 [INFO] org.apache.catalina.core.ContainerBase.[Tomcat].[localhost].[/] [http-nio-8081-exec-1] Initializing Spring DispatcherServlet 'dispatcherServlet'
2022-02-08 10:48:24,756 [INFO] org.springframework.web.servlet.DispatcherServlet [http-nio-8081-exec-1] Initializing Servlet 'dispatcherServlet'
2022-02-08 10:48:24,757 [INFO] org.springframework.web.servlet.DispatcherServlet [http-nio-8081-exec-1] Completed initialization in 1 ms
2022-02-08 10:48:24,787 [INFO] com.cx.ast.api.WebhookController [http-nio-8081-exec-1] Received Message from AST :: {"scanId":"d366f309-c80b-4205-a766-3669f28589ca","projectId":"97e375e0-279e-4109-9fb3-0b0a50f5d728","statusInfo":[{"name":"general","status":"Completed","details":""},{"name":"sast","status":"Completed","details":""},{"name":"sca","status":"Completed","details":""}],"userAgent":"Mozilla/5.0 (Windows NT 10.0; Win64; x64) AppleWebKit/537.36 (KHTML, like Gecko) Chrome/97.0.4692.99 Safari/537.36 Edg/97.0.1072.76","initiator":"abhishek.dutta@checkmarx.com","sourceType":"gitlab","sourceOrigin":"webapp"}
2022-02-08 10:48:24,790 [INFO] com.cx.ast.api.WebhookController [http-nio-8081-exec-1] Scan ID:: d366f309-c80b-4205-a766-3669f28589ca
2022-02-08 10:48:24,790 [INFO] com.cx.ast.api.WebhookController [http-nio-8081-exec-1] Project ID:: 97e375e0-279e-4109-9fb3-0b0a50f5d728
2022-02-08 10:48:26,937 [INFO] com.cx.ast.api.invoker.InvokeASTRestAPI [http-nio-8081-exec-1] scan summary :: {scansSummaries=[{scanId=d366f309-c80b-4205-a766-3669f28589ca, sastCounters={queriesCounters=[], sinkFileCounters=[], languageCounters=[{language=CSharp, counter=39}], complianceCounters=[{compliance=OWASP Top 10 2013, counter=34}, {compliance=FISMA 2014, counter=23}, {compliance=OWASP Top 10 API, counter=14}, {compliance=OWASP Top 10 2017, counter=19}, {compliance=NIST SP 800-53, counter=34}, {compliance=OWASP Top 10 2021, counter=39}, {compliance=ASD STIG 4.10, counter=38}, {compliance=PCI DSS v3.2.1, counter=33}], severityCounters=[{severity=LOW, counter=10}, {severity=MEDIUM, counter=13}, {severity=HIGH, counter=16}], statusCounters=[{status=NEW, counter=39}], stateCounters=[{state=TO_VERIFY, counter=39}], severityStatusCounters=[{severity=HIGH, status=NEW, counter=16}, {severity=MEDIUM, status=NEW, counter=13}, {severity=LOW, status=NEW, counter=10}], sourceFileCounters=[], ageCounters=[{age=0-30, severityCounters=[{severity=LOW, counter=10}, {severity=MEDIUM, counter=13}, {severity=HIGH, counter=16}], counter=39}], totalCounter=39, filesScannedCounter=0}, kicsCounters={severityCounters=[], statusCounters=[], stateCounters=[], severityStatusCounters=[], sourceFileCounters=[], ageCounters=[], totalCounter=0, filesScannedCounter=0, platformSummary=[], categorySummary=[]}, scaCounters={severityCounters=[], statusCounters=[], stateCounters=[{state=NOT_IGNORED, counter=0}], severityStatusCounters=[], sourceFileCounters=[], ageCounters=[], totalCounter=0, filesScannedCounter=0}, scaPackagesCounters={severityCounters=[], statusCounters=[], stateCounters=[], severityStatusCounters=[], sourceFileCounters=[], ageCounters=[], totalCounter=0, filesScannedCounter=0, outdatedCounter=0, riskLevelCounters=[], licenseCounters=[], packageCounters=[]}, scaContainersCounters={totalPackagesCounter=0, totalVulnerabilitiesCounter=0, severityVulnerabilitiesCounters=[], stateVulnerabilitiesCounters=[], statusVulnerabilitiesCounters=[], ageVulnerabilitiesCounters=[], packageVulnerabilitiesCounters=[]}}], totalCount=1}
2022-02-08 10:48:27,549 [INFO] com.cx.ast.api.WebhookController [http-nio-8081-exec-1] Slack Response :: 200
